-------------------------------------------------------------------------------
Test set: LoginPageTest
-------------------------------------------------------------------------------
Tests run: 1, Failures: 0, Errors: 1, Skipped: 0, Time elapsed: 0.024 s <<< FAILURE! - in LoginPageTest
LoginPageTest  Time elapsed: 0.024 s  <<< ERROR!
org.junit.platform.commons.JUnitException: @BeforeAll method 'void LoginPageTest.InitializeDriver()' must be static unless the test class is annotated with @TestInstance(Lifecycle.PER_CLASS).

