<?xml version="1.0" encoding="UTF-8"?>
<testsuite xmlns:xsi="http://www.w3.org/2001/XMLSchema-instance" xsi:noNamespaceSchemaLocation="https://maven.apache.org/surefire/maven-surefire-plugin/xsd/surefire-test-report-3.0.xsd" version="3.0" name="EditProfileTest" time="17.447" tests="1" errors="0" skipped="0" failures="0">
  <properties>
[...]
</properties>
  <testcase name="openProfile" classname="EditProfileTest" time="2.704">
    <system-out><![CDATA[00:11:47,466 |-INFO in ch.qos.logback.classic.LoggerContext[default] - Could NOT find resource [logback-test.xml]
00:11:47,467 |-INFO in ch.qos.logback.classic.LoggerContext[default] - Could NOT find resource [logback.groovy]
00:11:47,468 |-INFO in ch.qos.logback.classic.LoggerContext[default] - Found resource [logback.xml] at [file:/C:/Users/APr/IdeaProjects/JavaAutomationProject/target/test-classes/logback.xml]
00:11:47,569 |-INFO in ch.qos.logback.classic.joran.action.ConfigurationAction - debug attribute not set
00:11:47,570 |-INFO in ch.qos.logback.core.joran.action.AppenderAction - About to instantiate appender of type [ch.qos.logback.core.ConsoleAppender]
00:11:47,579 |-INFO in ch.qos.logback.core.joran.action.AppenderAction - Naming appender as [CONSOLE]
00:11:47,624 |-WARN in ch.qos.logback.core.ConsoleAppender[CONSOLE] - This appender no longer admits a layout as a sub-component, set an encoder instead.
00:11:47,624 |-WARN in ch.qos.logback.core.ConsoleAppender[CONSOLE] - To ensure compatibility, wrapping your layout in LayoutWrappingEncoder.
00:11:47,624 |-WARN in ch.qos.logback.core.ConsoleAppender[CONSOLE] - See also http://logback.qos.ch/codes.html#layoutInsteadOfEncoder for details
00:11:47,625 |-INFO in ch.qos.logback.classic.joran.action.RootLoggerAction - Setting level of ROOT logger to ALL
00:11:47,625 |-INFO in ch.qos.logback.core.joran.action.AppenderRefAction - Attaching appender named [CONSOLE] to Logger[ROOT]
00:11:47,625 |-INFO in ch.qos.logback.classic.joran.action.ConfigurationAction - End of configuration.
00:11:47,626 |-INFO in ch.qos.logback.classic.joran.JoranConfigurator@6babf3bf - Registering current configuration as safe fallback point

00:11:48.178 [main] DEBUG i.g.b.wdm.cache.ResolutionCache - Resolution chrome=96 in cache (valid until 00:16:11 29/11/2021 MSK)
00:11:48.184 [main] DEBUG i.g.b.wdm.cache.ResolutionCache - Resolution chrome96=96.0.4664.45 in cache (valid until 19:57:50 29/11/2021 MSK)
00:11:48.184 [main] INFO  i.g.bonigarcia.wdm.WebDriverManager - Using chromedriver 96.0.4664.45 (resolved driver for Chrome 96)
00:11:48.188 [main] TRACE i.g.b.wdm.cache.CacheHandler - Checking if chromedriver exists in cache
00:11:48.210 [main] TRACE i.g.b.wdm.cache.CacheHandler - Filter cache by chromedriver -- input list [C:\Users\APr\.cache\selenium\chromedriver\win32\96.0.4664.45\chromedriver.exe, C:\Users\APr\.cache\selenium\resolution.properties] -- output list [C:\Users\APr\.cache\selenium\chromedriver\win32\96.0.4664.45\chromedriver.exe] 
00:11:48.211 [main] TRACE i.g.b.wdm.cache.CacheHandler - Filter cache by 96.0.4664.45 -- input list [C:\Users\APr\.cache\selenium\chromedriver\win32\96.0.4664.45\chromedriver.exe] -- output list [C:\Users\APr\.cache\selenium\chromedriver\win32\96.0.4664.45\chromedriver.exe] 
00:11:48.211 [main] TRACE i.g.b.wdm.cache.CacheHandler - Filter cache by WIN -- input list [C:\Users\APr\.cache\selenium\chromedriver\win32\96.0.4664.45\chromedriver.exe] -- output list [C:\Users\APr\.cache\selenium\chromedriver\win32\96.0.4664.45\chromedriver.exe] 
00:11:48.213 [main] DEBUG i.g.bonigarcia.wdm.WebDriverManager - Driver chromedriver 96.0.4664.45 found in cache
00:11:48.214 [main] INFO  i.g.bonigarcia.wdm.WebDriverManager - Exporting webdriver.chrome.driver as C:\Users\APr\.cache\selenium\chromedriver\win32\96.0.4664.45\chromedriver.exe
DriverUp
LogIn
Main Page
Profile page
]]></system-out>
    <system-err><![CDATA[Starting ChromeDriver 96.0.4664.45 (76e4c1bb2ab4671b8beba3444e61c0f17584b2fc-refs/branch-heads/4664@{#947}) on port 24982
Only local connections are allowed.
Please see https://chromedriver.chromium.org/security-considerations for suggestions on keeping ChromeDriver safe.
ChromeDriver was started successfully.
нояб. 29, 2021 12:11:49 AM org.openqa.selenium.remote.ProtocolHandshake createSession
INFO: Detected dialect: W3C
]]></system-err>
  </testcase>
</testsuite>