<?xml version="1.0" encoding="UTF-8"?>
<testsuite xmlns:xsi="http://www.w3.org/2001/XMLSchema-instance" xsi:noNamespaceSchemaLocation="https://maven.apache.org/surefire/maven-surefire-plugin/xsd/surefire-test-report-3.0.xsd" version="3.0" name="TestTest" time="0.141" tests="1" errors="0" skipped="0" failures="1">
  <properties>
[...]
</properties>
  <testcase name="groupAssertions" classname="TestTest" time="0.095">
    <failure type="org.opentest4j.MultipleFailuresError"><![CDATA[org.opentest4j.MultipleFailuresError: 
numbers (2 failures)
	org.opentest4j.AssertionFailedError: expected: <2> but was: <1>
	org.opentest4j.AssertionFailedError: expected: <2> but was: <1>
	at TestTest.groupAssertions(TestTest.java:12)
]]></failure>
  </testcase>
</testsuite>